<?xml version="1.0" encoding="UTF-8"?>
<!-- Generated by org.testng.reporters.JUnitXMLReporter -->
<testsuite ignored="0" hostname="LAPTOP-K17KJMHP" failures="1" tests="17" name="AllCase" time="103.368" errors="0" timestamp="2026-03-20T14:55:54 ICT">
  <testcase classname="tests.ThemBaiVietTest" name="themMoiKhongThanhCongBoTrongTruongBatBuoc" time="3.902"/>
  <testcase classname="tests.ThemBaiVietTest" name="themMoiKhongThanhCongKhongNhapNguoiViet" time="4.226"/>
  <testcase classname="tests.ThemBaiVietTest" name="themMoiKhongThanhCongKhongNhapTieuDe" time="4.346"/>
  <testcase classname="tests.ThemBaiVietTest" name="themMoiThanhCong" time="4.45"/>
  <testcase classname="tests.ThemQuangCaoTest" name="themMoiThanhCong" time="3.774"/>
  <testcase classname="tests.ThemSanPhamTest" name="themMoiKhongThanhCongVoiSanPhamDaTonTai" time="5.013">
    <failure type="java.lang.AssertionError" message="expected [Thêm mới danh mục sản phẩm thất bại] but found [Thêm mới thành công]">
      <![CDATA[java.lang.AssertionError: expected [Thêm mới danh mục sản phẩm thất bại] but found [Thêm mới thành công]
at tests.ThemSanPhamTest.themMoiKhongThanhCongVoiSanPhamDaTonTai(ThemSanPhamTest.java:48)
at java.base/java.util.ArrayList.forEach(ArrayList.java:1596)
... Removed 31 stack frames]]>
    </failure>
  </testcase> <!-- themMoiKhongThanhCongVoiSanPhamDaTonTai -->
  <testcase classname="tests.ThemSanPhamTest" name="themMoiKhongThanhCongVoiTenSanPhamBlank" time="5.252"/>
  <testcase classname="tests.ThemSanPhamTest" name="themMoiThanhCong" time="5.047"/>
  <testcase classname="tests.ThemThuongHieuTest" name="themMoiKhongThanhCongVoiTenSanPhamBlank" time="3.893"/>
  <testcase classname="tests.ThemThuongHieuTest" name="themMoiThanhCong" time="4.099"/>
  <testcase classname="tests.TimKiemBaiVietTest" name="timKiemKhongThanhCong" time="1.457"/>
  <testcase classname="tests.TimKiemBaiVietTest" name="timKiemThanhCong" time="1.966"/>
  <testcase classname="tests.TimKiemSanPhamTest" name="timKiemKhongThanhCong" time="2.187"/>
  <testcase classname="tests.TimKiemSanPhamTest" name="timKiemThanhCong" time="2.322"/>
  <testcase classname="tests.TimKiemThuongHieuTest" name="timKiemKhongThanhCong" time="2.484"/>
  <testcase classname="tests.TimKiemThuongHieuTest" name="timKiemThanhCong" time="2.61"/>
  <testcase classname="tests.XoaSanPhamTest" name="xoaSanPhamThanhCong" time="8.591"/>
</testsuite> <!-- AllCase -->
