<?xml version="1.0" encoding="UTF-8"?>
<!-- Generated by org.testng.reporters.JUnitReportReporter -->
<testsuite hostname="LAPTOP-K17KJMHP" failures="0" tests="2" name="tests.TimKiemThuongHieuTest" time="31.636" errors="0" timestamp="2026-03-19T22:10:19 ICT" skipped="0">
  <testcase classname="tests.TimKiemThuongHieuTest" name="timKiemThanhCong" time="14.501"/>
  <testcase classname="tests.TimKiemThuongHieuTest" name="timKiemKhongThanhCong" time="17.135"/>
</testsuite> <!-- tests.TimKiemThuongHieuTest -->
