<?xml version="1.0" encoding="UTF-8"?>
<!-- Generated by org.testng.reporters.JUnitReportReporter -->
<testsuite hostname="LAPTOP-K17KJMHP" failures="0" tests="2" name="tests.ThemThuongHieuTest" time="11.139" errors="0" timestamp="2026-03-20T14:55:55 ICT" skipped="0">
  <testcase classname="tests.ThemThuongHieuTest" name="themMoiThanhCong" time="5.490"/>
  <testcase classname="tests.ThemThuongHieuTest" name="themMoiKhongThanhCongVoiTenSanPhamBlank" time="5.649"/>
</testsuite> <!-- tests.ThemThuongHieuTest -->
