<?xml version="1.0" encoding="UTF-8"?>
<!-- Generated by org.testng.reporters.JUnitReportReporter -->
<testsuite hostname="LAPTOP-K17KJMHP" failures="0" tests="2" name="tests.TimKiemThuongHieuTest" time="8.922" errors="0" timestamp="2026-03-20T14:55:55 ICT" skipped="0">
  <testcase classname="tests.TimKiemThuongHieuTest" name="timKiemKhongThanhCong" time="4.193"/>
  <testcase classname="tests.TimKiemThuongHieuTest" name="timKiemThanhCong" time="4.729"/>
</testsuite> <!-- tests.TimKiemThuongHieuTest -->
