<?xml version="1.0" encoding="UTF-8"?>
<!-- Generated by org.testng.reporters.JUnitReportReporter -->
<testsuite hostname="LAPTOP-K17KJMHP" failures="0" tests="2" name="tests.ThemThuongHieuTest" time="18.516" errors="0" timestamp="2026-03-19T22:10:19 ICT" skipped="0">
  <testcase classname="tests.ThemThuongHieuTest" name="themMoiThanhCong" time="7.679"/>
  <testcase classname="tests.ThemThuongHieuTest" name="themMoiKhongThanhCongVoiTenSanPhamBlank" time="10.837"/>
</testsuite> <!-- tests.ThemThuongHieuTest -->
