<?xml version="1.0" encoding="UTF-8"?>
<!-- Generated by org.testng.reporters.JUnitReportReporter -->
<testsuite hostname="LAPTOP-K17KJMHP" failures="0" tests="4" name="tests.ThemBaiVietTest" time="23.078" errors="0" timestamp="2026-03-20T14:55:55 ICT" skipped="0">
  <testcase classname="tests.ThemBaiVietTest" name="themMoiThanhCong" time="5.714"/>
  <testcase classname="tests.ThemBaiVietTest" name="themMoiKhongThanhCongKhongNhapNguoiViet" time="5.463"/>
  <testcase classname="tests.ThemBaiVietTest" name="themMoiKhongThanhCongKhongNhapTieuDe" time="5.932"/>
  <testcase classname="tests.ThemBaiVietTest" name="themMoiKhongThanhCongBoTrongTruongBatBuoc" time="5.969"/>
</testsuite> <!-- tests.ThemBaiVietTest -->
