<?xml version="1.0" encoding="UTF-8"?>
<!-- Generated by org.testng.reporters.JUnitReportReporter -->
<testsuite hostname="LAPTOP-K17KJMHP" failures="0" tests="4" name="tests.ThemBaiVietTest" time="21.512" errors="0" timestamp="2026-03-19T22:10:19 ICT" skipped="0">
  <testcase classname="tests.ThemBaiVietTest" name="themMoiThanhCong" time="4.906"/>
  <testcase classname="tests.ThemBaiVietTest" name="themMoiKhongThanhCongKhongNhapTieuDe" time="4.878"/>
  <testcase classname="tests.ThemBaiVietTest" name="themMoiKhongThanhCongKhongNhapNguoiViet" time="5.247"/>
  <testcase classname="tests.ThemBaiVietTest" name="themMoiKhongThanhCongBoTrongTruongBatBuoc" time="6.481"/>
</testsuite> <!-- tests.ThemBaiVietTest -->
